2019-07-26 22:10:39,985 [FATAL] emerg message
2019-07-26 22:10:39,985 [INFO] info message
2019-07-26 22:10:39,985 [FATAL] fatal message
2019-07-26 22:10:39,985 [WARN] warn message
2019-07-26 22:10:39,985 [ALERT] alert message
2019-07-26 22:10:39,985 [CRIT] crit message
2019-07-26 22:10:39,985 [DEBUG] debug message
2019-07-26 22:10:39,985 [ERROR] error message
2019-07-26 22:10:39,985 [FATAL] emerg message
2019-07-26 22:10:39,985 [INFO] info message
2019-07-26 22:10:39,985 [FATAL] fatal message
2019-07-26 22:10:39,985 [WARN] warn message
2019-07-26 22:10:39,985 [ALERT] alert message
2019-07-26 22:10:39,985 [CRIT] crit message
2019-07-26 22:10:39,985 [DEBUG] debug message
2019-07-26 22:10:39,985 [ERROR] error message
2019-07-26 22:10:39,985 [FATAL] emerg message
2019-07-26 22:10:39,985 [INFO] info message
2019-07-26 22:10:39,986 [FATAL] fatal message
2019-07-26 22:10:39,986 [WARN] warn message
2019-07-26 22:10:39,986 [ALERT] alert message
2019-07-26 22:10:39,986 [CRIT] crit message
2019-07-26 22:10:39,986 [DEBUG] debug message
2019-07-26 22:10:39,986 [ERROR] error message
2019-07-26 22:10:39,986 [FATAL] emerg message
2019-07-26 22:10:39,986 [INFO] info message
2019-07-26 22:10:39,986 [FATAL] fatal message
2019-07-26 22:10:39,986 [WARN] warn message
2019-07-26 22:10:39,986 [ALERT] alert message
2019-07-26 22:10:39,987 [CRIT] crit message
2019-07-26 22:10:39,987 [DEBUG] debug message
2019-07-26 22:10:39,987 [ERROR] error message
2019-07-26 22:10:39,987 [FATAL] emerg message
2019-07-26 22:10:39,987 [INFO] info message
2019-07-26 22:10:39,987 [FATAL] fatal message
2019-07-26 22:10:39,987 [WARN] warn message
2019-07-26 22:10:39,987 [ALERT] alert message
2019-07-26 22:10:39,987 [CRIT] crit message
2019-07-26 22:10:39,987 [DEBUG] debug message
2019-07-26 22:10:39,987 [ERROR] error message
2019-07-26 22:10:39,987 [FATAL] emerg message
2019-07-26 22:10:39,987 [INFO] info message
2019-07-26 22:10:39,987 [FATAL] fatal message
2019-07-26 22:10:39,987 [WARN] warn message
2019-07-26 22:10:39,987 [ALERT] alert message
2019-07-26 22:10:39,987 [CRIT] crit message
